2026-05-11 19:11:09 - admin - login - failed - Invalid credentials
2026-05-11 19:13:28 - admin - login - failed - Invalid credentials
2026-05-11 21:04:59 - admin - login - failed - Invalid credentials
2026-05-11 21:05:21 - admin - login - success - 
2026-05-11 21:06:47 - admin - logout - success - 
2026-05-11 21:06:50 - admin - login - success - 
2026-05-11 21:17:12 - admin - train_model - failed - Dependencies not installed
2026-05-11 21:17:51 - admin - train_model - failed - Dependencies not installed
2026-05-11 21:17:56 - admin - train_model - failed - Dependencies not installed
2026-05-11 21:17:58 - admin - capture_photo - success - Saved photo for admin
2026-05-11 21:18:14 - admin - capture_photo - success - Saved photo for admin
2026-05-11 21:18:18 - admin - train_model - failed - Dependencies not installed
2026-05-11 21:18:21 - admin - train_model - failed - Dependencies not installed
2026-05-11 21:18:25 - admin - train_model - failed - Dependencies not installed
2026-05-11 21:18:28 - admin - train_model - failed - Dependencies not installed
2026-05-11 21:18:31 - admin - train_model - failed - Dependencies not installed
2026-05-11 21:18:35 - admin - train_model - failed - Dependencies not installed
2026-05-11 21:18:38 - admin - train_model - failed - Dependencies not installed
2026-05-11 21:18:54 - admin - train_model - failed - Dependencies not installed
2026-05-11 21:19:24 - admin - login - success - 
2026-05-11 21:20:35 - admin - train_model - failed - Dependencies not installed
2026-05-11 21:22:13 - admin - train_model - failed - Dependencies not installed
2026-05-11 21:22:21 - admin - train_model - failed - Dependencies not installed
2026-05-11 21:24:56 - admin - login - success - 
2026-05-11 21:25:19 - admin - capture_photo - success - Saved photo for admin
2026-05-11 21:25:25 - admin - capture_photo - success - Saved photo for admin
2026-05-11 21:28:50 - admin - capture_photo - success - Saved photo for admin
2026-05-11 21:28:52 - admin - capture_photo - success - Saved photo for admin
2026-05-11 21:28:53 - admin - capture_photo - success - Saved photo for admin
2026-05-11 21:28:53 - admin - capture_photo - success - Saved photo for admin
2026-05-11 21:28:59 - admin - capture_photo - success - Saved photo for admin
2026-05-11 21:29:00 - admin - capture_photo - success - Saved photo for admin
2026-05-11 21:29:03 - admin - capture_photo - success - Saved photo for admin
2026-05-11 21:29:17 - admin - capture_photo - success - Saved photo for admin
2026-05-11 21:30:42 - admin - logout - success - 
2026-05-11 21:30:44 - admin - login - success - 
2026-05-11 21:34:23 - admin - capture_photo - success - Saved photo for admin
2026-05-11 21:56:04 - admin - login - success - 
2026-05-11 21:57:06 - admin - login - success - 
2026-05-11 21:57:43 - admin - capture_photo - success - Saved photo for admin
2026-05-11 21:57:53 - admin - capture_photo - success - Saved photo for admin
2026-05-11 21:58:24 - admin - attendance_checkin - success - 
2026-05-11 21:58:39 - admin - capture_photo - success - Saved photo for admin
2026-05-11 21:58:50 - admin - capture_photo - success - Saved photo for admin
2026-05-11 22:01:01 - admin - add_visitor - success - Added visitor: abebe
2026-05-11 22:02:16 - admin - door_access - granted - Access granted via manual
2026-05-11 22:03:38 - admin - add_visitor - success - Added visitor: geta
2026-05-11 22:03:57 - admin - door_access - denied - Access denied via manual
2026-05-11 22:04:04 - admin - door_access - granted - Access granted via manual
2026-05-11 22:04:24 - admin - capture_photo - success - Saved photo for admin
2026-05-11 22:06:13 - admin - capture_photo - success - Saved photo for admin
2026-05-11 22:07:36 - admin - capture_photo - success - Saved photo for admin
2026-05-11 22:14:17 - admin - logout - success - 
2026-05-11 22:14:25 - admin - login - success - 
2026-05-11 22:16:49 - admin - door_access - granted - Access granted via manual
2026-05-11 22:20:04 - admin - capture_photo - success - Saved photo for admin
2026-05-11 22:20:09 - admin - capture_photo - success - Saved photo for admin
2026-05-11 22:20:10 - admin - capture_photo - success - Saved photo for admin
2026-05-11 22:20:12 - admin - capture_photo - success - Saved photo for admin
2026-05-11 22:20:12 - admin - capture_photo - success - Saved photo for admin
2026-05-11 22:20:13 - admin - capture_photo - success - Saved photo for admin
2026-05-11 22:20:14 - admin - capture_photo - success - Saved photo for admin
2026-05-11 22:20:14 - admin - capture_photo - success - Saved photo for admin
2026-05-11 22:20:15 - admin - capture_photo - success - Saved photo for admin
2026-05-11 22:20:15 - admin - capture_photo - success - Saved photo for admin
2026-05-11 22:20:15 - admin - capture_photo - success - Saved photo for admin
2026-05-11 22:20:17 - admin - capture_photo - success - Saved photo for admin
2026-05-11 22:20:22 - admin - capture_photo - success - Saved photo for admin
2026-05-11 22:20:22 - admin - capture_photo - success - Saved photo for admin
2026-05-11 22:20:22 - admin - capture_photo - success - Saved photo for admin
2026-05-11 22:20:23 - admin - capture_photo - success - Saved photo for admin
2026-05-11 22:20:23 - admin - capture_photo - success - Saved photo for admin
2026-05-11 22:20:23 - admin - capture_photo - success - Saved photo for admin
2026-05-11 22:20:23 - admin - capture_photo - success - Saved photo for admin
2026-05-11 22:20:24 - admin - capture_photo - success - Saved photo for admin
2026-05-11 22:20:24 - admin - capture_photo - success - Saved photo for admin
2026-05-11 22:20:44 - admin - door_access - granted - Access granted via manual
2026-05-11 22:20:46 - admin - door_access - denied - Access denied via manual
2026-05-11 22:25:48 - admin - logout - success - 
2026-05-11 22:25:51 - admin - login - success - 
2026-05-11 22:28:24 - admin - capture_photo - success - Saved photo for admin
2026-05-11 22:28:28 - admin - capture_photo - success - Saved photo for admin
2026-05-11 22:28:32 - admin - capture_photo - success - Saved photo for admin
2026-05-11 22:28:35 - admin - capture_photo - success - Saved photo for admin
2026-05-11 22:28:37 - admin - capture_photo - success - Saved photo for admin
2026-05-11 22:28:39 - admin - capture_photo - success - Saved photo for admin
2026-05-11 22:28:41 - admin - capture_photo - success - Saved photo for admin
2026-05-11 22:28:44 - admin - capture_photo - success - Saved photo for admin
2026-05-11 22:31:50 - admin - capture_photo - success - Saved photo for admin
2026-05-11 22:34:47 - admin - door_access - granted - Access granted via manual
2026-05-11 22:34:51 - admin - door_access - granted - Access granted via manual
2026-05-11 22:34:59 - admin - door_access - granted - Access granted via manual
2026-05-11 22:39:15 - admin - capture_photo - success - Saved photo for admin
2026-05-11 22:39:18 - admin - capture_photo - success - Saved photo for admin
2026-05-11 22:39:21 - admin - capture_photo - success - Saved photo for admin
2026-05-11 22:39:22 - admin - capture_photo - success - Saved photo for admin
2026-05-11 22:39:24 - admin - capture_photo - success - Saved photo for admin
2026-05-11 22:39:25 - admin - capture_photo - success - Saved photo for admin
2026-05-11 22:39:26 - admin - capture_photo - success - Saved photo for admin
2026-05-11 22:39:26 - admin - capture_photo - success - Saved photo for admin
2026-05-11 22:39:27 - admin - capture_photo - success - Saved photo for admin
2026-05-11 22:39:27 - admin - capture_photo - success - Saved photo for admin
2026-05-11 22:39:27 - admin - capture_photo - success - Saved photo for admin
2026-05-11 22:39:27 - admin - capture_photo - success - Saved photo for admin
2026-05-11 22:39:29 - admin - capture_photo - success - Saved photo for admin
2026-05-11 22:40:59 - admin - login - success - 
2026-05-11 22:41:13 - admin - login - success - 
2026-05-11 22:41:39 - admin - capture_photo - success - Saved photo for admin
2026-05-11 22:41:44 - admin - capture_photo - success - Saved photo for admin
2026-05-11 22:41:51 - admin - capture_photo - success - Saved photo for admin
2026-05-11 22:41:53 - admin - capture_photo - success - Saved photo for admin
2026-05-11 22:41:55 - admin - capture_photo - success - Saved photo for admin
2026-05-11 22:41:58 - admin - capture_photo - success - Saved photo for admin
2026-05-11 22:42:50 - admin - door_access - denied - Access denied via manual
2026-05-11 22:42:53 - admin - door_access - denied - Access denied via manual
2026-05-11 22:42:54 - admin - door_access - denied - Access denied via manual
2026-05-11 22:42:52 - admin - door_access - denied - Access denied via manual
2026-05-11 22:42:58 - admin - door_access - denied - Access denied via manual
2026-05-11 22:43:00 - admin - door_access - granted - Access granted via manual
2026-05-11 22:49:24 - admin - capture_photo - success - Saved photo for admin
2026-05-11 22:53:37 - admin - capture_photo - success - Saved photo for admin
2026-05-11 22:53:42 - admin - capture_photo - success - Saved photo for admin
2026-05-11 22:53:44 - admin - capture_photo - success - Saved photo for admin
2026-05-11 22:53:44 - admin - capture_photo - success - Saved photo for admin
2026-05-11 22:53:45 - admin - capture_photo - success - Saved photo for admin
2026-05-11 22:53:45 - admin - capture_photo - success - Saved photo for admin
2026-05-11 22:53:47 - admin - capture_photo - success - Saved photo for admin
2026-05-11 22:54:26 - admin - logout - success - 
2026-05-11 22:54:29 - admin - login - success - 
2026-05-11 22:57:07 - admin - logout - success - 
2026-05-11 22:57:23 - abebe - login - success - 
2026-05-11 22:57:45 - abebe - capture_photo - success - Saved photo for abebe
2026-05-11 22:57:48 - abebe - capture_photo - success - Saved photo for abebe
2026-05-11 22:57:53 - abebe - capture_photo - success - Saved photo for abebe
2026-05-11 22:57:54 - abebe - capture_photo - success - Saved photo for abebe
2026-05-11 22:57:59 - abebe - capture_photo - success - Saved photo for abebe
2026-05-11 22:58:02 - abebe - capture_photo - success - Saved photo for abebe
2026-05-11 22:58:05 - abebe - capture_photo - success - Saved photo for abebe
2026-05-11 23:02:02 - abebe - attendance_checkin - success - 
2026-05-11 23:04:20 - abebe - logout - success - 
2026-05-11 23:04:25 - abebe - login - failed - Invalid credentials
2026-05-11 23:04:38 - abebe - login - failed - Invalid credentials
2026-05-11 23:04:46 - admin - login - success - 
2026-05-11 23:05:17 - admin - attendance_checkin - success - 
2026-05-11 23:08:52 - admin - capture_photo - success - Saved photo for admin
2026-05-11 23:08:56 - admin - capture_photo - success - Saved photo for admin
2026-05-11 23:08:59 - admin - capture_photo - success - Saved photo for admin
2026-05-11 23:09:01 - admin - capture_photo - success - Saved photo for admin
2026-05-11 23:09:02 - admin - capture_photo - success - Saved photo for admin
2026-05-11 23:09:03 - admin - capture_photo - success - Saved photo for admin
2026-05-11 23:09:05 - admin - capture_photo - success - Saved photo for admin
2026-05-11 23:09:08 - admin - capture_photo - success - Saved photo for admin
2026-05-11 23:09:12 - admin - capture_photo - success - Saved photo for admin
2026-05-11 23:09:14 - admin - capture_photo - success - Saved photo for admin
2026-05-11 23:09:14 - admin - capture_photo - success - Saved photo for admin
2026-05-11 23:09:25 - admin - logout - success - 
2026-05-11 23:09:31 - abebe - login - failed - Invalid credentials
2026-05-11 23:09:35 - admin - login - success - 
2026-05-11 23:10:23 - admin - logout - success - 
2026-05-11 23:10:28 - abel - login - success - 
2026-05-11 23:11:28 - admin - train_model - failed - 'charmap' codec can't encode character '\U0001f9ea' in position 0: character maps to <undefined>
2026-05-11 23:11:31 - admin - train_model - failed - 'charmap' codec can't encode character '\U0001f9ea' in position 0: character maps to <undefined>
2026-05-11 23:12:22 - abel - logout - success - 
2026-05-11 23:12:25 - abel - login - success - 
2026-05-11 23:12:40 - abel - capture_photo - success - Saved photo for abel
2026-05-11 23:12:43 - abel - capture_photo - success - Saved photo for abel
2026-05-11 23:12:44 - abel - capture_photo - success - Saved photo for abel
2026-05-11 23:12:44 - abel - capture_photo - success - Saved photo for abel
2026-05-11 23:12:48 - abel - capture_photo - success - Saved photo for abel
2026-05-11 23:12:52 - abel - train_model - failed - 'charmap' codec can't encode character '\U0001f9ea' in position 0: character maps to <undefined>
2026-05-11 23:12:58 - abel - train_model - failed - 'charmap' codec can't encode character '\U0001f9ea' in position 0: character maps to <undefined>
2026-05-11 23:13:00 - abel - train_model - failed - 'charmap' codec can't encode character '\U0001f9ea' in position 0: character maps to <undefined>
2026-05-11 23:15:06 - abel - train_model - failed - 'charmap' codec can't encode character '\U0001f9ea' in position 0: character maps to <undefined>
2026-05-11 23:15:15 - abel - train_model - failed - 'charmap' codec can't encode character '\U0001f464' in position 0: character maps to <undefined>
2026-05-11 23:18:37 - abel - logout - success - 
2026-05-11 23:18:41 - abel - login - success - 
2026-05-11 23:18:58 - abel - capture_photo - success - Saved photo for abel
2026-05-11 23:19:40 - abel - door_access - granted - Access granted via manual
2026-05-11 23:19:59 - abel - capture_photo - success - Saved photo for abel
2026-05-11 23:20:00 - abel - capture_photo - success - Saved photo for abel
2026-05-11 23:20:01 - abel - capture_photo - success - Saved photo for abel
2026-05-11 23:20:03 - abel - capture_photo - success - Saved photo for abel
2026-05-11 23:20:06 - abel - capture_photo - success - Saved photo for abel
2026-05-11 23:20:08 - abel - capture_photo - success - Saved photo for abel
2026-05-11 23:20:09 - abel - capture_photo - success - Saved photo for abel
2026-05-11 23:20:14 - abel - train_model - success - Trained on 108 faces from 3 people
2026-05-11 23:20:16 - abel - train_model - success - Trained on 108 faces from 3 people
2026-05-11 23:22:34 - abel - train_model - success - Trained on 108 faces from 3 people
2026-05-11 23:22:55 - abel - attendance_checkin - success - 
2026-05-11 23:24:51 - abel - capture_photo - success - Saved photo for abel
2026-05-11 23:24:54 - abel - capture_photo - success - Saved photo for abel
2026-05-11 23:24:55 - abel - capture_photo - success - Saved photo for abel
2026-05-11 23:24:55 - abel - capture_photo - success - Saved photo for abel
2026-05-11 23:24:58 - abel - capture_photo - success - Saved photo for abel
2026-05-11 23:25:00 - abel - train_model - success - Trained on 113 faces from 3 people
2026-05-11 23:26:02 - abel - logout - success - 
2026-05-11 23:26:05 - abel - login - success - password login
2026-05-11 23:26:08 - abel - logout - success - 
2026-05-11 23:26:19 - admin - login - success - face recognition login
2026-05-11 23:26:29 - admin - logout - success - 
2026-05-11 23:27:06 - admin - login - success - face recognition login
2026-05-11 23:28:42 - admin - login - success - face recognition login
2026-05-11 23:28:55 - admin - logout - success - 
2026-05-11 23:28:59 - abebel - login - success - password login
2026-05-11 23:30:32 - abebel - capture_photo - success - Saved photo for abebel
2026-05-11 23:30:33 - abebel - capture_photo - success - Saved photo for abebel
2026-05-11 23:30:37 - abebel - train_model - success - Trained on 115 faces from 4 people
2026-05-11 23:31:06 - abebel - logout - success - 
2026-05-11 23:31:12 - abel - login - success - password login
2026-05-11 23:33:57 - abel - logout - success - 
2026-05-11 23:34:00 - abel - login - success - password login
2026-05-11 23:36:23 - abel - logout - success - 
2026-05-11 23:36:31 - admin - login - success - password login
2026-05-11 23:37:10 - admin - train_model - success - Trained on 115 faces from 4 people
2026-05-11 23:38:57 - admin - add_visitor - success - Added visitor: geta
2026-05-11 23:40:48 - admin - logout - success - 
2026-05-11 23:40:57 - abell - login - success - password login
2026-05-11 23:41:20 - abell - attendance_checkin - success - 
2026-05-11 23:42:14 - abell - logout - success - 
2026-05-11 23:42:24 - bell - login - failed - Invalid credentials
2026-05-11 23:42:29 - admin1 - login - success - password login
2026-05-11 23:51:54 - admin1 - train_model - success - Trained on 115 faces from 4 people
2026-05-11 23:54:03 - admin1 - capture_photo - success - Saved photo for admin1
2026-05-11 23:54:05 - admin1 - train_model - success - Trained on 116 faces from 5 people
2026-05-11 23:54:54 - admin1 - logout - success - 
2026-05-11 23:55:03 - admin1 - login - success - password login
2026-05-11 23:56:41 - admin1 - capture_photo - success - Saved photo for admin1
2026-05-11 23:56:45 - admin1 - capture_photo - success - Saved photo for admin1
2026-05-11 23:56:54 - admin1 - capture_photo - success - Saved photo for admin1
2026-05-11 23:56:56 - admin1 - capture_photo - success - Saved photo for admin1
2026-05-11 23:56:59 - admin1 - train_model - success - Trained on 121 faces from 5 people
2026-05-12 00:00:28 - admin1 - capture_photo - success - Saved photo for admin1
2026-05-12 00:00:28 - admin1 - capture_photo - success - Saved photo for admin1
2026-05-12 00:00:30 - admin1 - capture_photo - success - Saved photo for admin1
2026-05-12 00:00:30 - admin1 - capture_photo - success - Saved photo for admin1
2026-05-12 00:00:30 - admin1 - capture_photo - success - Saved photo for admin1
2026-05-12 00:00:31 - admin1 - capture_photo - success - Saved photo for admin1
2026-05-12 00:00:32 - admin1 - capture_photo - success - Saved photo for admin1
2026-05-12 00:00:33 - admin1 - capture_photo - success - Saved photo for admin1
2026-05-12 00:00:35 - admin1 - train_model - success - Trained on 130 faces from 5 people
2026-05-12 00:02:03 - admin1 - door_access - granted - Access granted via manual
2026-05-12 00:02:08 - admin1 - door_access - granted - Access granted via manual
2026-05-12 00:02:17 - admin1 - door_access - granted - Access granted via manual
2026-05-12 00:02:20 - admin1 - door_access - granted - Access granted via manual
2026-05-12 00:02:20 - admin1 - door_access - granted - Access granted via manual
2026-05-12 00:02:21 - admin1 - door_access - granted - Access granted via manual
2026-05-12 00:02:21 - admin1 - door_access - granted - Access granted via manual
2026-05-12 00:02:21 - admin1 - door_access - granted - Access granted via manual
2026-05-12 00:02:21 - admin1 - door_access - granted - Access granted via manual
2026-05-12 00:02:21 - admin1 - door_access - granted - Access granted via manual
2026-05-12 00:02:21 - admin1 - door_access - granted - Access granted via manual
2026-05-12 00:02:47 - admin1 - attendance_checkin - success - 
2026-05-12 00:03:02 - admin1 - logout - success - 
2026-05-12 00:03:07 - abell - login - success - password login
2026-05-12 00:04:02 - abell - logout - success - 
2026-05-12 00:04:24 - admin - login - success - face recognition login
2026-05-12 00:06:21 - admin - kyc_verify - success - Verified user ID: 2
2026-05-12 00:10:09 - admin - kyc_unverify - success - Unverified user ID: 2
2026-05-12 00:10:16 - admin - logout - success - 
2026-05-12 00:10:22 - abebe - login - failed - Invalid credentials
2026-05-12 00:10:31 - abel - login - success - password login
2026-05-12 00:11:45 - abel - attendance_checkin - success - 
2026-05-12 00:22:22 - abel - logout - success - 
2026-05-12 00:22:51 - abel - login - success - face recognition login - auto KYC verified
2026-05-12 00:22:58 - abel - logout - success - 
2026-05-12 00:23:25 - abel - login - success - face recognition login - auto KYC verified
2026-05-12 00:23:35 - abel - logout - success - 
2026-05-12 00:23:48 - admin - login - success - face recognition login - auto KYC verified
2026-05-12 00:24:08 - admin - door_access - granted - Access granted via manual
2026-05-12 00:25:35 - admin - logout - success - 
2026-05-12 00:26:38 - admin - login - success - password login
2026-05-12 00:27:30 - abel - login - success - face recognition login - auto KYC verified
2026-05-12 00:27:58 - abel - login - success - password login
2026-05-12 00:28:57 - abel - logout - success - 
2026-05-12 00:29:06 - admin1 - login - success - password login
2026-05-12 00:29:38 - admin1 - door_access - denied - Access denied via manual
2026-05-12 00:29:43 - admin1 - door_access - denied - Access denied via manual
2026-05-12 00:29:43 - admin1 - door_access - denied - Access denied via manual
2026-05-12 00:29:44 - admin1 - door_access - denied - Access denied via manual
2026-05-12 00:29:43 - admin1 - door_access - denied - Access denied via manual
2026-05-12 00:29:44 - admin1 - door_access - denied - Access denied via manual
2026-05-12 00:29:45 - admin1 - door_access - denied - Access denied via manual
2026-05-12 00:29:45 - admin1 - door_access - denied - Access denied via manual
2026-05-12 00:29:46 - admin1 - door_access - denied - Access denied via manual
2026-05-12 00:29:46 - admin1 - door_access - denied - Access denied via manual
2026-05-12 00:29:47 - admin1 - door_access - denied - Access denied via manual
2026-05-12 00:29:48 - admin1 - door_access - denied - Access denied via manual
2026-05-12 00:29:48 - admin1 - door_access - denied - Access denied via manual
2026-05-12 00:29:49 - admin1 - door_access - denied - Access denied via manual
2026-05-12 00:29:50 - admin1 - door_access - denied - Access denied via manual
2026-05-12 00:29:50 - admin1 - door_access - denied - Access denied via manual
2026-05-12 00:29:49 - admin1 - door_access - denied - Access denied via manual
2026-05-12 00:29:51 - admin1 - door_access - denied - Access denied via manual
2026-05-12 00:29:53 - admin1 - door_access - denied - Access denied via manual
2026-05-12 00:29:47 - admin1 - door_access - denied - Access denied via manual
2026-05-12 00:29:53 - admin1 - door_access - denied - Access denied via manual
2026-05-12 00:29:48 - admin1 - door_access - denied - Access denied via manual
2026-05-12 00:29:54 - admin1 - door_access - denied - Access denied via manual
2026-05-12 00:29:49 - admin1 - door_access - denied - Access denied via manual
2026-05-12 00:29:56 - admin1 - door_access - denied - Access denied via manual
2026-05-12 00:29:57 - admin1 - door_access - denied - Access denied via manual
2026-05-12 00:29:57 - admin1 - door_access - denied - Access denied via manual
2026-05-12 00:29:58 - admin1 - door_access - denied - Access denied via manual
2026-05-12 00:29:57 - admin1 - door_access - denied - Access denied via manual
2026-05-12 00:30:00 - admin1 - door_access - denied - Access denied via manual
2026-05-12 00:29:59 - admin1 - door_access - denied - Access denied via manual
2026-05-12 00:29:59 - admin1 - door_access - denied - Access denied via manual
2026-05-12 00:30:03 - admin1 - door_access - denied - Access denied via manual
2026-05-12 00:30:03 - admin1 - door_access - denied - Access denied via manual
2026-05-12 00:29:58 - admin1 - door_access - denied - Access denied via manual
2026-05-12 00:30:02 - admin1 - door_access - denied - Access denied via manual
2026-05-12 00:30:02 - admin1 - door_access - denied - Access denied via manual
2026-05-12 00:29:59 - admin1 - door_access - denied - Access denied via manual
2026-05-12 00:30:03 - admin1 - door_access - denied - Access denied via manual
2026-05-12 00:31:26 - admin - login - success - face recognition login - auto KYC verified
2026-05-12 00:32:03 - admin - capture_photo - success - Saved photo for abel
2026-05-12 00:32:06 - admin - capture_photo - success - Saved photo for abel
2026-05-12 00:32:07 - admin - capture_photo - success - Saved photo for abel
2026-05-12 00:32:07 - admin - capture_photo - success - Saved photo for abel
2026-05-12 00:32:07 - admin - capture_photo - success - Saved photo for abel
2026-05-12 00:32:08 - admin - capture_photo - success - Saved photo for abel
2026-05-12 00:32:08 - admin - capture_photo - success - Saved photo for abel
2026-05-12 00:32:08 - admin - capture_photo - success - Saved photo for abel
2026-05-12 00:32:09 - admin - capture_photo - success - Saved photo for abel
2026-05-12 00:32:09 - admin - capture_photo - success - Saved photo for abel
2026-05-12 00:32:09 - admin - capture_photo - success - Saved photo for abel
2026-05-12 00:32:09 - admin - capture_photo - success - Saved photo for abel
2026-05-12 00:32:11 - admin - train_model - success - Trained on 142 faces from 5 people
2026-05-12 00:34:54 - admin - logout - success - 
2026-05-12 00:35:23 - abebe - login - failed - Face recognition - user not found
2026-05-12 00:35:43 - abel - login - success - face recognition login - auto KYC verified
2026-05-12 00:37:31 - abel - logout - success - 
2026-05-12 00:37:47 - user1 - login - failed - Invalid credentials
2026-05-12 00:40:50 - admin1 - door_access - granted - Access granted via manual
2026-05-12 00:40:55 - admin1 - door_access - granted - Access granted via manual
2026-05-12 00:41:06 - admin1 - train_model - success - Trained on 142 faces from 5 people
2026-05-12 01:18:30 - admin1 - kyc_unverify - success - Unverified user ID: 3
2026-05-12 01:18:33 - admin1 - kyc_verify - success - Verified user ID: 4
2026-05-12 01:18:36 - admin1 - kyc_unverify - success - Unverified user ID: 4
2026-05-12 01:18:57 - admin1 - logout - success - 
2026-05-12 01:19:16 - abebe - login - failed - Face recognition - user not found
2026-05-12 01:19:30 - abebe - login - failed - Face recognition - user not found
2026-05-12 01:19:48 - abebe - login - failed - Face recognition - user not found
2026-05-12 01:20:07 - admin - login - success - face recognition login - auto KYC verified
2026-05-12 01:20:28 - admin - logout - success - 
2026-05-12 01:20:45 - admin - login - success - face recognition login - auto KYC verified
2026-05-12 01:20:50 - admin - logout - success - 
2026-05-12 01:21:06 - admin - login - success - face recognition login - auto KYC verified
2026-05-12 01:22:13 - admin - logout - success - 
2026-05-12 01:22:36 - abebe - login - failed - Face recognition - user not found
2026-05-12 01:22:47 - abebel - login - success - face recognition login - auto KYC verified
2026-05-12 01:22:51 - abebel - logout - success - 
2026-05-12 01:23:11 - abel - login - success - face recognition login - auto KYC verified
2026-05-12 01:23:19 - abel - logout - success - 
2026-05-12 01:23:38 - abebe - login - failed - Face recognition - user not found
2026-05-12 01:23:49 - abebe - login - failed - Face recognition - user not found
2026-05-12 01:24:03 - abebe - login - failed - Face recognition - user not found
2026-05-12 01:24:17 - abebe - login - failed - Face recognition - user not found
2026-05-12 01:24:36 - abebe - login - failed - Invalid credentials
2026-05-12 01:25:00 - abebe - login - failed - Invalid credentials
2026-05-12 01:25:19 - abebe - login - failed - Invalid credentials
2026-05-12 01:25:47 - abebe - login - failed - Invalid credentials
2026-05-12 01:25:50 - admin1 - login - success - password login
2026-05-12 01:25:52 - admin1 - logout - success - 
2026-05-12 01:26:20 - abebe - login - failed - Face recognition - user not found
2026-05-12 01:26:44 - abebel - login - success - face recognition login - auto KYC verified
2026-05-12 01:26:51 - abebel - logout - success - 
2026-05-12 01:27:05 - abebel - login - success - face recognition login - auto KYC verified
2026-05-12 01:29:43 - abebel - train_model - success - Trained on 142 faces from 5 people
2026-05-12 01:30:15 - abebel - door_access - granted - Access granted via manual
2026-05-12 01:30:16 - abebel - door_access - granted - Access granted via manual
2026-05-12 01:30:17 - abebel - door_access - granted - Access granted via manual
2026-05-12 01:30:17 - abebel - door_access - granted - Access granted via manual
2026-05-12 01:32:46 - abebel - add_visitor - success - Added visitor: acc
2026-05-12 01:33:49 - abebel - logout - success - 
2026-05-12 01:34:06 - abel - login - success - face recognition login - auto KYC verified
2026-05-12 01:35:45 - abel - logout - success - 
2026-05-12 01:35:50 - admin1 - login - success - password login
2026-05-12 01:36:14 - admin1 - train_model - success - Trained on 142 faces from 5 people
2026-05-12 01:36:14 - admin1 - train_model - success - Trained on 142 faces from 5 people
2026-05-12 01:36:14 - admin1 - train_model - success - Trained on 142 faces from 5 people
2026-05-12 01:36:19 - admin1 - train_model - success - Trained on 142 faces from 5 people
2026-05-12 01:36:23 - admin1 - train_model - success - Trained on 142 faces from 5 people
2026-05-12 01:36:26 - admin1 - capture_photo - success - Saved photo for admin1
2026-05-12 01:36:26 - admin1 - capture_photo - success - Saved photo for admin1
2026-05-12 01:36:27 - admin1 - capture_photo - success - Saved photo for admin1
2026-05-12 01:36:27 - admin1 - capture_photo - success - Saved photo for admin1
2026-05-12 01:36:28 - admin1 - capture_photo - success - Saved photo for admin1
2026-05-12 01:36:28 - admin1 - capture_photo - success - Saved photo for admin1
2026-05-12 01:36:29 - admin1 - capture_photo - success - Saved photo for admin1
2026-05-12 01:36:29 - admin1 - capture_photo - success - Saved photo for admin1
2026-05-12 01:36:30 - admin1 - capture_photo - success - Saved photo for admin1
2026-05-12 01:36:30 - admin1 - capture_photo - success - Saved photo for admin1
2026-05-12 01:36:30 - admin1 - capture_photo - success - Saved photo for admin1
2026-05-12 01:36:34 - admin1 - train_model - success - Trained on 153 faces from 5 people
2026-05-12 01:36:37 - admin1 - train_model - success - Trained on 153 faces from 5 people
2026-05-12 01:37:29 - admin1 - logout - success - 
2026-05-12 01:37:46 - geta - login - failed - Invalid credentials
2026-05-12 01:37:52 - admin1 - login - success - password login
2026-05-12 01:38:33 - admin1 - door_access - granted - Access granted via manual
2026-05-12 01:38:34 - admin1 - door_access - granted - Access granted via manual
2026-05-12 01:38:35 - admin1 - door_access - granted - Access granted via manual
2026-05-12 01:38:35 - admin1 - door_access - granted - Access granted via manual
2026-05-12 01:38:35 - admin1 - door_access - granted - Access granted via manual
2026-05-12 01:38:35 - admin1 - door_access - granted - Access granted via manual
2026-05-12 01:38:35 - admin1 - door_access - granted - Access granted via manual
2026-05-12 01:38:36 - admin1 - door_access - granted - Access granted via manual
2026-05-12 01:38:36 - admin1 - door_access - granted - Access granted via manual
2026-05-12 01:38:36 - admin1 - door_access - granted - Access granted via manual
2026-05-12 01:38:36 - admin1 - door_access - granted - Access granted via manual
2026-05-12 01:38:37 - admin1 - door_access - granted - Access granted via manual
2026-05-12 01:38:37 - admin1 - door_access - granted - Access granted via manual
2026-05-12 01:38:37 - admin1 - door_access - granted - Access granted via manual
2026-05-12 01:38:37 - admin1 - door_access - granted - Access granted via manual
2026-05-12 01:38:37 - admin1 - door_access - granted - Access granted via manual
2026-05-12 01:38:37 - admin1 - door_access - granted - Access granted via manual
2026-05-12 01:38:38 - admin1 - door_access - granted - Access granted via manual
2026-05-12 01:38:38 - admin1 - door_access - granted - Access granted via manual
2026-05-12 01:38:38 - admin1 - door_access - granted - Access granted via manual
2026-05-12 01:38:39 - admin1 - door_access - denied - Access denied via manual
2026-05-12 01:38:40 - admin1 - door_access - denied - Access denied via manual
2026-05-12 01:38:40 - admin1 - door_access - denied - Access denied via manual
2026-05-12 01:38:40 - admin1 - door_access - denied - Access denied via manual
2026-05-12 01:38:40 - admin1 - door_access - denied - Access denied via manual
2026-05-12 01:38:40 - admin1 - door_access - denied - Access denied via manual
2026-05-12 01:38:41 - admin1 - door_access - denied - Access denied via manual
2026-05-12 01:38:41 - admin1 - door_access - denied - Access denied via manual
2026-05-12 01:38:41 - admin1 - door_access - denied - Access denied via manual
2026-05-12 01:38:41 - admin1 - door_access - denied - Access denied via manual
2026-05-12 01:38:41 - admin1 - door_access - denied - Access denied via manual
2026-05-12 01:38:42 - admin1 - door_access - denied - Access denied via manual
2026-05-12 01:38:44 - admin1 - logout - success - 
2026-05-12 01:38:50 - abel - login - success - password login
2026-05-12 01:39:41 - abel - login - success - password login
2026-05-12 01:46:36 - abel - logout - success - 
2026-05-12 01:46:49 - abebel - login - success - face recognition login - auto KYC verified
2026-05-12 01:48:05 - abebel - logout - success - 
2026-05-12 01:48:08 - abel - login - success - password login
2026-05-12 01:48:12 - abel - logout - success - 
2026-05-12 01:48:34 - abel - login - success - password login
2026-05-12 01:48:36 - abel - logout - success - 
2026-05-12 01:48:38 - abel - login - success - password login
2026-05-12 01:48:45 - abel - logout - success - 
2026-05-12 01:48:51 - admin1 - login - success - password login
2026-05-12 01:51:14 - admin1 - logout - success - 
2026-05-12 01:52:08 - admin1 - login - success - password login
2026-05-12 01:52:27 - admin1 - logout - success - 
2026-05-12 01:53:01 - abel - login - success - password login
2026-05-12 01:53:24 - abel - logout - success - 
2026-05-12 01:54:20 - abel - login - success - password login
2026-05-12 01:54:29 - abel - logout - success - 
2026-05-12 01:55:02 - admin1 - login - success - password login
2026-05-12 01:55:28 - admin1 - capture_photo - success - Saved photo for abel
2026-05-12 01:55:30 - admin1 - capture_photo - success - Saved photo for abel
2026-05-12 01:55:31 - admin1 - capture_photo - success - Saved photo for abel
2026-05-12 01:55:32 - admin1 - capture_photo - success - Saved photo for abel
2026-05-12 01:55:33 - admin1 - capture_photo - success - Saved photo for abel
2026-05-12 01:55:34 - admin1 - capture_photo - success - Saved photo for abel
2026-05-12 01:55:34 - admin1 - capture_photo - success - Saved photo for abel
2026-05-12 01:58:09 - admin1 - capture_photo - success - Saved photo for admin1
2026-05-12 01:58:11 - admin1 - capture_photo - success - Saved photo for admin1
2026-05-12 01:58:11 - admin1 - capture_photo - success - Saved photo for admin1
2026-05-12 01:58:12 - admin1 - capture_photo - success - Saved photo for admin1
2026-05-12 01:58:12 - admin1 - capture_photo - success - Saved photo for admin1
2026-05-12 01:58:12 - admin1 - capture_photo - success - Saved photo for admin1
2026-05-12 01:58:12 - admin1 - capture_photo - success - Saved photo for admin1
2026-05-12 01:58:13 - admin1 - capture_photo - success - Saved photo for admin1
2026-05-12 01:58:13 - admin1 - capture_photo - success - Saved photo for admin1
2026-05-12 01:58:32 - admin - login - success - password login
2026-05-12 01:59:35 - admin1 - door_access - granted - Access granted via manual
2026-05-12 02:00:37 - admin1 - logout - success - 
2026-05-12 02:00:41 - abel - login - success - password login
2026-05-12 02:01:07 - abel - logout - success - 
2026-05-12 02:01:12 - admin1 - login - success - password login
2026-05-12 02:01:17 - admin1 - capture_photo - success - Saved photo for admin1
2026-05-12 02:01:19 - admin1 - capture_photo - success - Saved photo for admin1
2026-05-12 02:01:20 - admin1 - capture_photo - success - Saved photo for admin1
2026-05-12 02:01:20 - admin1 - capture_photo - success - Saved photo for admin1
2026-05-12 02:01:21 - admin1 - capture_photo - success - Saved photo for admin1
2026-05-12 02:01:21 - admin1 - capture_photo - success - Saved photo for admin1
2026-05-12 02:01:21 - admin1 - capture_photo - success - Saved photo for admin1
2026-05-12 02:01:21 - admin1 - capture_photo - success - Saved photo for admin1
2026-05-12 02:01:21 - admin1 - capture_photo - success - Saved photo for admin1
2026-05-12 02:01:22 - admin1 - capture_photo - success - Saved photo for admin1
2026-05-12 02:01:22 - admin1 - capture_photo - success - Saved photo for admin1
2026-05-12 02:01:33 - admin1 - capture_photo - success - Saved photo for admin1
2026-05-12 02:01:35 - admin1 - capture_photo - success - Saved photo for admin1
2026-05-12 02:01:35 - admin1 - capture_photo - success - Saved photo for admin1
2026-05-12 02:01:37 - admin1 - capture_photo - success - Saved photo for admin1
2026-05-12 02:01:38 - admin1 - capture_photo - success - Saved photo for admin1
2026-05-12 02:01:38 - admin1 - capture_photo - success - Saved photo for admin1
2026-05-12 02:01:38 - admin1 - capture_photo - success - Saved photo for admin1
2026-05-12 02:01:38 - admin1 - capture_photo - success - Saved photo for admin1
2026-05-12 02:08:35 - admin1 - capture_photo - success - Saved photo for admin1
2026-05-12 02:08:38 - admin1 - capture_photo - success - Saved photo for admin1
2026-05-12 02:08:38 - admin1 - capture_photo - success - Saved photo for admin1
2026-05-12 02:08:38 - admin1 - capture_photo - success - Saved photo for admin1
2026-05-12 02:08:39 - admin1 - capture_photo - success - Saved photo for admin1
2026-05-12 02:08:38 - admin1 - capture_photo - success - Saved photo for admin1
2026-05-12 02:08:42 - admin1 - train_model - failed - 'charmap' codec can't encode character '\u2713' in position 2: character maps to <undefined>
2026-05-12 02:08:44 - admin1 - train_model - failed - 'charmap' codec can't encode character '\u2713' in position 2: character maps to <undefined>
2026-05-12 02:08:46 - admin1 - train_model - failed - 'charmap' codec can't encode character '\u2713' in position 2: character maps to <undefined>
2026-05-12 02:08:52 - admin1 - train_model - failed - 'charmap' codec can't encode character '\u2713' in position 2: character maps to <undefined>
2026-05-12 02:08:54 - admin1 - train_model - failed - 'charmap' codec can't encode character '\u2713' in position 2: character maps to <undefined>
2026-05-12 02:09:29 - admin1 - logout - success - 
2026-05-12 02:09:35 - abel - login - success - password login
2026-05-12 02:11:38 - abel - logout - success - 
2026-05-12 02:11:43 - admin1 - login - success - password login
2026-05-12 02:11:49 - admin1 - capture_photo - success - Saved photo for admin1
2026-05-12 02:11:52 - admin1 - capture_photo - success - Saved photo for admin1
2026-05-12 02:11:53 - admin1 - capture_photo - success - Saved photo for admin1
2026-05-12 02:11:53 - admin1 - capture_photo - success - Saved photo for admin1
2026-05-12 02:11:57 - admin1 - capture_photo - success - Saved photo for admin1
2026-05-12 02:12:00 - admin1 - train_model - success - Trained on 199 faces from 5 people
2026-05-12 02:12:12 - admin1 - logout - success - 
2026-05-12 02:12:14 - admin1 - login - success - password login
2026-05-12 02:13:36 - admin1 - logout - success - 
2026-05-12 02:13:48 - admin - login - success - face recognition login - auto KYC verified
2026-05-12 02:13:52 - admin - logout - success - 
2026-05-12 02:14:03 - admin - login - success - face recognition login - auto KYC verified
2026-05-12 02:14:19 - admin - logout - success - 
2026-05-12 02:14:36 - abell - login - success - password login
2026-05-12 02:14:45 - abell - attendance_checkin - success - 
2026-05-12 02:15:17 - abell - logout - success - 
2026-05-12 02:15:28 - abel - login - success - face recognition login - auto KYC verified
2026-05-12 02:20:00 - admin - login - success - face recognition login - auto KYC verified
2026-05-12 02:20:08 - abel - logout - success - 
2026-05-12 02:20:17 - admin - login - success - face recognition login - auto KYC verified
2026-05-12 02:20:29 - admin - kyc_verify - success - Verified user ID: 2
2026-05-12 02:20:34 - admin - kyc_verify - success - Verified user ID: 4
2026-05-12 02:20:38 - admin - kyc_unverify - success - Unverified user ID: 3
2026-05-12 02:20:41 - admin - kyc_verify - success - Verified user ID: 3
2026-05-12 02:21:25 - admin - door_access - granted - Access granted via manual
2026-05-12 02:21:32 - admin - door_access - granted - Access granted via manual
2026-05-12 02:21:34 - admin - door_access - granted - Access granted via manual
2026-05-12 02:21:38 - admin - logout - success - 
2026-05-12 02:21:53 - abebel - login - success - face recognition login - auto KYC verified
2026-05-12 02:22:03 - abebel - door_access - granted - Access granted via manual
2026-05-12 02:22:16 - abebel - train_model - success - Trained on 199 faces from 5 people
